<?xml version="1.0" encoding="UTF-8"?>
<coverage generated="1649257194896" clover="3.2.0">
  <project timestamp="1649257194897" name="All files">
    <metrics statements="124" coveredstatements="124" conditionals="31" coveredconditionals="30" methods="9" coveredmethods="9" elements="164" coveredelements="163" complexity="0" loc="124" ncloc="124" packages="1" files="5" classes="5"/>
    <file name="formatter-stylish.js" path="/home/tatiana/Projects/frontend-project-lvl2/src/formatter-stylish.js">
      <metrics statements="37" coveredstatements="37" conditionals="13" coveredconditionals="12" methods="4" coveredmethods="4"/>
      <line num="1" count="1" type="stmt"/>
      <line num="2" count="1" type="stmt"/>
      <line num="3" count="1" type="cond" truecount="1" falsecount="0"/>
      <line num="4" count="84" type="stmt"/>
      <line num="5" count="84" type="stmt"/>
      <line num="6" count="84" type="stmt"/>
      <line num="7" count="1" type="stmt"/>
      <line num="8" count="1" type="cond" truecount="1" falsecount="0"/>
      <line num="9" count="54" type="cond" truecount="1" falsecount="0"/>
      <line num="10" count="40" type="stmt"/>
      <line num="11" count="40" type="stmt"/>
      <line num="12" count="54" type="stmt"/>
      <line num="13" count="54" type="cond" truecount="1" falsecount="0"/>
      <line num="14" count="54" type="stmt"/>
      <line num="15" count="54" type="stmt"/>
      <line num="16" count="1" type="stmt"/>
      <line num="17" count="1" type="cond" truecount="1" falsecount="0"/>
      <line num="18" count="2" type="cond" truecount="2" falsecount="0"/>
      <line num="19" count="36" type="stmt"/>
      <line num="20" count="36" type="cond" truecount="1" falsecount="0"/>
      <line num="21" count="36" type="stmt"/>
      <line num="22" count="36" type="cond" truecount="1" falsecount="0"/>
      <line num="23" count="36" type="stmt"/>
      <line num="24" count="36" type="cond" truecount="1" falsecount="0"/>
      <line num="25" count="36" type="stmt"/>
      <line num="26" count="36" type="cond" truecount="1" falsecount="0"/>
      <line num="27" count="36" type="stmt"/>
      <line num="28" count="36" type="cond" truecount="1" falsecount="0"/>
      <line num="29" count="36" type="stmt"/>
      <line num="30" count="36" type="cond" truecount="0" falsecount="1"/>
      <line num="31" count="36" type="stmt"/>
      <line num="32" count="36" type="stmt"/>
      <line num="33" count="36" type="stmt"/>
      <line num="34" count="2" type="stmt"/>
      <line num="35" count="2" type="stmt"/>
      <line num="36" count="1" type="stmt"/>
      <line num="37" count="1" type="stmt"/>
    </file>
    <file name="index.js" path="/home/tatiana/Projects/frontend-project-lvl2/src/index.js">
      <metrics statements="13" coveredstatements="13" conditionals="1" coveredconditionals="1" methods="1" coveredmethods="1"/>
      <line num="1" count="1" type="stmt"/>
      <line num="2" count="1" type="stmt"/>
      <line num="3" count="1" type="stmt"/>
      <line num="4" count="1" type="stmt"/>
      <line num="5" count="1" type="cond" truecount="1" falsecount="0"/>
      <line num="6" count="2" type="stmt"/>
      <line num="7" count="2" type="stmt"/>
      <line num="8" count="2" type="stmt"/>
      <line num="9" count="2" type="stmt"/>
      <line num="10" count="2" type="stmt"/>
      <line num="11" count="2" type="stmt"/>
      <line num="12" count="2" type="stmt"/>
      <line num="13" count="2" type="stmt"/>
    </file>
    <file name="parsers.js" path="/home/tatiana/Projects/frontend-project-lvl2/src/parsers.js">
      <metrics statements="14" coveredstatements="14" conditionals="3" coveredconditionals="3" methods="1" coveredmethods="1"/>
      <line num="1" count="1" type="stmt"/>
      <line num="2" count="1" type="stmt"/>
      <line num="3" count="1" type="stmt"/>
      <line num="4" count="1" type="stmt"/>
      <line num="5" count="1" type="cond" truecount="1" falsecount="0"/>
      <line num="6" count="4" type="stmt"/>
      <line num="7" count="4" type="cond" truecount="1" falsecount="0"/>
      <line num="8" count="2" type="stmt"/>
      <line num="9" count="2" type="stmt"/>
      <line num="10" count="4" type="cond" truecount="1" falsecount="0"/>
      <line num="11" count="2" type="stmt"/>
      <line num="12" count="2" type="stmt"/>
      <line num="13" count="4" type="stmt"/>
      <line num="14" count="4" type="stmt"/>
    </file>
    <file name="path.js" path="/home/tatiana/Projects/frontend-project-lvl2/src/path.js">
      <metrics statements="11" coveredstatements="11" conditionals="2" coveredconditionals="2" methods="2" coveredmethods="2"/>
      <line num="1" count="1" type="stmt"/>
      <line num="2" count="1" type="stmt"/>
      <line num="3" count="1" type="stmt"/>
      <line num="4" count="1" type="stmt"/>
      <line num="5" count="1" type="stmt"/>
      <line num="6" count="1" type="stmt"/>
      <line num="7" count="1" type="stmt"/>
      <line num="8" count="1" type="cond" truecount="1" falsecount="0"/>
      <line num="9" count="1" type="cond" truecount="1" falsecount="0"/>
      <line num="10" count="1" type="stmt"/>
      <line num="11" count="1" type="stmt"/>
    </file>
    <file name="tree.js" path="/home/tatiana/Projects/frontend-project-lvl2/src/tree.js">
      <metrics statements="49" coveredstatements="49" conditionals="12" coveredconditionals="12" methods="1" coveredmethods="1"/>
      <line num="1" count="1" type="stmt"/>
      <line num="2" count="1" type="stmt"/>
      <line num="3" count="1" type="cond" truecount="1" falsecount="0"/>
      <line num="4" count="10" type="stmt"/>
      <line num="5" count="10" type="stmt"/>
      <line num="6" count="10" type="stmt"/>
      <line num="7" count="10" type="stmt"/>
      <line num="8" count="10" type="cond" truecount="1" falsecount="0"/>
      <line num="9" count="36" type="stmt"/>
      <line num="10" count="36" type="stmt"/>
      <line num="11" count="36" type="stmt"/>
      <line num="12" count="36" type="cond" truecount="1" falsecount="0"/>
      <line num="13" count="10" type="stmt"/>
      <line num="14" count="10" type="stmt"/>
      <line num="15" count="10" type="stmt"/>
      <line num="16" count="10" type="stmt"/>
      <line num="17" count="10" type="stmt"/>
      <line num="18" count="36" type="cond" truecount="2" falsecount="0"/>
      <line num="19" count="4" type="stmt"/>
      <line num="20" count="4" type="stmt"/>
      <line num="21" count="4" type="stmt"/>
      <line num="22" count="4" type="stmt"/>
      <line num="23" count="4" type="stmt"/>
      <line num="24" count="36" type="cond" truecount="3" falsecount="0"/>
      <line num="25" count="8" type="stmt"/>
      <line num="26" count="8" type="stmt"/>
      <line num="27" count="8" type="stmt"/>
      <line num="28" count="8" type="stmt"/>
      <line num="29" count="8" type="stmt"/>
      <line num="30" count="36" type="cond" truecount="2" falsecount="0"/>
      <line num="31" count="36" type="cond" truecount="1" falsecount="0"/>
      <line num="32" count="8" type="stmt"/>
      <line num="33" count="8" type="stmt"/>
      <line num="34" count="8" type="stmt"/>
      <line num="35" count="8" type="stmt"/>
      <line num="36" count="8" type="stmt"/>
      <line num="37" count="8" type="stmt"/>
      <line num="38" count="8" type="stmt"/>
      <line num="39" count="6" type="cond" truecount="1" falsecount="0"/>
      <line num="40" count="6" type="stmt"/>
      <line num="41" count="6" type="stmt"/>
      <line num="42" count="6" type="stmt"/>
      <line num="43" count="6" type="stmt"/>
      <line num="44" count="6" type="stmt"/>
      <line num="45" count="10" type="stmt"/>
      <line num="46" count="10" type="stmt"/>
      <line num="47" count="10" type="stmt"/>
      <line num="48" count="1" type="stmt"/>
      <line num="49" count="1" type="stmt"/>
    </file>
  </project>
</coverage>
