{"/home/tatiana/Projects/frontend-project-lvl2/src/formatter-stylish.js": {"path":"/home/tatiana/Projects/frontend-project-lvl2/src/formatter-stylish.js","all":false,"statementMap":{"0":{"start":{"line":1,"column":0},"end":{"line":1,"column":23}},"1":{"start":{"line":2,"column":0},"end":{"line":2,"column":0}},"2":{"start":{"line":3,"column":0},"end":{"line":3,"column":47}},"3":{"start":{"line":4,"column":0},"end":{"line":4,"column":41}},"4":{"start":{"line":5,"column":0},"end":{"line":5,"column":36}},"5":{"start":{"line":6,"column":0},"end":{"line":6,"column":2}},"6":{"start":{"line":7,"column":0},"end":{"line":7,"column":0}},"7":{"start":{"line":8,"column":0},"end":{"line":8,"column":43}},"8":{"start":{"line":9,"column":0},"end":{"line":9,"column":26}},"9":{"start":{"line":10,"column":0},"end":{"line":10,"column":21}},"10":{"start":{"line":11,"column":0},"end":{"line":11,"column":3}},"11":{"start":{"line":12,"column":0},"end":{"line":12,"column":36}},"12":{"start":{"line":13,"column":0},"end":{"line":13,"column":105}},"13":{"start":{"line":14,"column":0},"end":{"line":14,"column":66}},"14":{"start":{"line":15,"column":0},"end":{"line":15,"column":2}},"15":{"start":{"line":16,"column":0},"end":{"line":16,"column":0}},"16":{"start":{"line":17,"column":0},"end":{"line":17,"column":31}},"17":{"start":{"line":18,"column":0},"end":{"line":18,"column":66}},"18":{"start":{"line":19,"column":0},"end":{"line":19,"column":24}},"19":{"start":{"line":20,"column":0},"end":{"line":20,"column":19}},"20":{"start":{"line":21,"column":0},"end":{"line":21,"column":88}},"21":{"start":{"line":22,"column":0},"end":{"line":22,"column":21}},"22":{"start":{"line":23,"column":0},"end":{"line":23,"column":88}},"23":{"start":{"line":24,"column":0},"end":{"line":24,"column":23}},"24":{"start":{"line":25,"column":0},"end":{"line":25,"column":88}},"25":{"start":{"line":26,"column":0},"end":{"line":26,"column":20}},"26":{"start":{"line":27,"column":0},"end":{"line":27,"column":121}},"27":{"start":{"line":28,"column":0},"end":{"line":28,"column":21}},"28":{"start":{"line":29,"column":0},"end":{"line":29,"column":156}},"29":{"start":{"line":30,"column":0},"end":{"line":30,"column":14}},"30":{"start":{"line":31,"column":0},"end":{"line":31,"column":59}},"31":{"start":{"line":32,"column":0},"end":{"line":32,"column":5}},"32":{"start":{"line":33,"column":0},"end":{"line":33,"column":5}},"33":{"start":{"line":34,"column":0},"end":{"line":34,"column":43}},"34":{"start":{"line":35,"column":0},"end":{"line":35,"column":2}},"35":{"start":{"line":36,"column":0},"end":{"line":36,"column":0}},"36":{"start":{"line":37,"column":0},"end":{"line":37,"column":27}}},"s":{"0":1,"1":1,"2":1,"3":84,"4":84,"5":84,"6":1,"7":1,"8":54,"9":40,"10":40,"11":54,"12":54,"13":54,"14":54,"15":1,"16":1,"17":2,"18":36,"19":36,"20":36,"21":36,"22":36,"23":36,"24":36,"25":36,"26":36,"27":36,"28":36,"29":36,"30":36,"31":36,"32":36,"33":2,"34":2,"35":1,"36":1},"branchMap":{"0":{"type":"branch","line":3,"loc":{"start":{"line":3,"column":18},"end":{"line":6,"column":2}},"locations":[{"start":{"line":3,"column":18},"end":{"line":6,"column":2}}]},"1":{"type":"branch","line":8,"loc":{"start":{"line":8,"column":21},"end":{"line":15,"column":2}},"locations":[{"start":{"line":8,"column":21},"end":{"line":15,"column":2}}]},"2":{"type":"branch","line":9,"loc":{"start":{"line":9,"column":25},"end":{"line":11,"column":3}},"locations":[{"start":{"line":9,"column":25},"end":{"line":11,"column":3}}]},"3":{"type":"branch","line":13,"loc":{"start":{"line":13,"column":9},"end":{"line":13,"column":105}},"locations":[{"start":{"line":13,"column":9},"end":{"line":13,"column":105}}]},"4":{"type":"branch","line":17,"loc":{"start":{"line":17,"column":21},"end":{"line":35,"column":2}},"locations":[{"start":{"line":17,"column":21},"end":{"line":35,"column":2}}]},"5":{"type":"branch","line":18,"loc":{"start":{"line":18,"column":15},"end":{"line":33,"column":5}},"locations":[{"start":{"line":18,"column":15},"end":{"line":33,"column":5}}]},"6":{"type":"branch","line":18,"loc":{"start":{"line":18,"column":56},"end":{"line":33,"column":5}},"locations":[{"start":{"line":18,"column":56},"end":{"line":33,"column":5}}]},"7":{"type":"branch","line":20,"loc":{"start":{"line":20,"column":6},"end":{"line":21,"column":16}},"locations":[{"start":{"line":20,"column":6},"end":{"line":21,"column":16}}]},"8":{"type":"branch","line":22,"loc":{"start":{"line":22,"column":6},"end":{"line":23,"column":16}},"locations":[{"start":{"line":22,"column":6},"end":{"line":23,"column":16}}]},"9":{"type":"branch","line":24,"loc":{"start":{"line":24,"column":6},"end":{"line":25,"column":16}},"locations":[{"start":{"line":24,"column":6},"end":{"line":25,"column":16}}]},"10":{"type":"branch","line":26,"loc":{"start":{"line":26,"column":6},"end":{"line":27,"column":16}},"locations":[{"start":{"line":26,"column":6},"end":{"line":27,"column":16}}]},"11":{"type":"branch","line":28,"loc":{"start":{"line":28,"column":6},"end":{"line":29,"column":16}},"locations":[{"start":{"line":28,"column":6},"end":{"line":29,"column":16}}]},"12":{"type":"branch","line":30,"loc":{"start":{"line":30,"column":6},"end":{"line":31,"column":14}},"locations":[{"start":{"line":30,"column":6},"end":{"line":31,"column":14}}]}},"b":{"0":[84],"1":[54],"2":[40],"3":[18],"4":[2],"5":[10],"6":[36],"7":[10],"8":[4],"9":[6],"10":[8],"11":[8],"12":[0]},"fnMap":{"0":{"name":"getIndent","decl":{"start":{"line":3,"column":18},"end":{"line":6,"column":2}},"loc":{"start":{"line":3,"column":18},"end":{"line":6,"column":2}},"line":3},"1":{"name":"getStructure","decl":{"start":{"line":8,"column":21},"end":{"line":15,"column":2}},"loc":{"start":{"line":8,"column":21},"end":{"line":15,"column":2}},"line":8},"2":{"name":"makeStylish","decl":{"start":{"line":17,"column":21},"end":{"line":35,"column":2}},"loc":{"start":{"line":17,"column":21},"end":{"line":35,"column":2}},"line":17},"3":{"name":"iter","decl":{"start":{"line":18,"column":15},"end":{"line":33,"column":5}},"loc":{"start":{"line":18,"column":15},"end":{"line":33,"column":5}},"line":18}},"f":{"0":84,"1":54,"2":2,"3":10}}
,"/home/tatiana/Projects/frontend-project-lvl2/src/index.js": {"path":"/home/tatiana/Projects/frontend-project-lvl2/src/index.js","all":false,"statementMap":{"0":{"start":{"line":1,"column":0},"end":{"line":1,"column":33}},"1":{"start":{"line":2,"column":0},"end":{"line":2,"column":34}},"2":{"start":{"line":3,"column":0},"end":{"line":3,"column":49}},"3":{"start":{"line":4,"column":0},"end":{"line":4,"column":0}},"4":{"start":{"line":5,"column":0},"end":{"line":5,"column":42}},"5":{"start":{"line":6,"column":0},"end":{"line":6,"column":38}},"6":{"start":{"line":7,"column":0},"end":{"line":7,"column":38}},"7":{"start":{"line":8,"column":0},"end":{"line":8,"column":56}},"8":{"start":{"line":9,"column":0},"end":{"line":9,"column":57}},"9":{"start":{"line":10,"column":0},"end":{"line":10,"column":37}},"10":{"start":{"line":11,"column":0},"end":{"line":11,"column":47}},"11":{"start":{"line":12,"column":0},"end":{"line":12,"column":21}},"12":{"start":{"line":13,"column":0},"end":{"line":13,"column":2}}},"s":{"0":1,"1":1,"2":1,"3":1,"4":1,"5":2,"6":2,"7":2,"8":2,"9":2,"10":2,"11":2,"12":2},"branchMap":{"0":{"type":"branch","line":5,"loc":{"start":{"line":5,"column":15},"end":{"line":13,"column":2}},"locations":[{"start":{"line":5,"column":15},"end":{"line":13,"column":2}}]}},"b":{"0":[2]},"fnMap":{"0":{"name":"default","decl":{"start":{"line":5,"column":15},"end":{"line":13,"column":2}},"loc":{"start":{"line":5,"column":15},"end":{"line":13,"column":2}},"line":5}},"f":{"0":2}}
,"/home/tatiana/Projects/frontend-project-lvl2/src/parsers.js": {"path":"/home/tatiana/Projects/frontend-project-lvl2/src/parsers.js","all":false,"statementMap":{"0":{"start":{"line":1,"column":0},"end":{"line":1,"column":27}},"1":{"start":{"line":2,"column":0},"end":{"line":2,"column":24}},"2":{"start":{"line":3,"column":0},"end":{"line":3,"column":33}},"3":{"start":{"line":4,"column":0},"end":{"line":4,"column":0}},"4":{"start":{"line":5,"column":0},"end":{"line":5,"column":30}},"5":{"start":{"line":6,"column":0},"end":{"line":6,"column":61}},"6":{"start":{"line":7,"column":0},"end":{"line":7,"column":34}},"7":{"start":{"line":8,"column":0},"end":{"line":8,"column":42}},"8":{"start":{"line":9,"column":0},"end":{"line":9,"column":3}},"9":{"start":{"line":10,"column":0},"end":{"line":10,"column":62}},"10":{"start":{"line":11,"column":0},"end":{"line":11,"column":41}},"11":{"start":{"line":12,"column":0},"end":{"line":12,"column":3}},"12":{"start":{"line":13,"column":0},"end":{"line":13,"column":46}},"13":{"start":{"line":14,"column":0},"end":{"line":14,"column":2}}},"s":{"0":1,"1":1,"2":1,"3":1,"4":1,"5":4,"6":4,"7":2,"8":2,"9":4,"10":2,"11":2,"12":4,"13":4},"branchMap":{"0":{"type":"branch","line":5,"loc":{"start":{"line":5,"column":16},"end":{"line":14,"column":2}},"locations":[{"start":{"line":5,"column":16},"end":{"line":14,"column":2}}]},"1":{"type":"branch","line":7,"loc":{"start":{"line":7,"column":33},"end":{"line":10,"column":61}},"locations":[{"start":{"line":7,"column":33},"end":{"line":10,"column":61}}]},"2":{"type":"branch","line":10,"loc":{"start":{"line":10,"column":61},"end":{"line":12,"column":3}},"locations":[{"start":{"line":10,"column":61},"end":{"line":12,"column":3}}]}},"b":{"0":[4],"1":[2],"2":[2]},"fnMap":{"0":{"name":"default","decl":{"start":{"line":5,"column":16},"end":{"line":14,"column":2}},"loc":{"start":{"line":5,"column":16},"end":{"line":14,"column":2}},"line":5}},"f":{"0":4}}
,"/home/tatiana/Projects/frontend-project-lvl2/src/path.js": {"path":"/home/tatiana/Projects/frontend-project-lvl2/src/path.js","all":false,"statementMap":{"0":{"start":{"line":1,"column":0},"end":{"line":1,"column":20}},"1":{"start":{"line":2,"column":0},"end":{"line":2,"column":36}},"2":{"start":{"line":3,"column":0},"end":{"line":3,"column":24}},"3":{"start":{"line":4,"column":0},"end":{"line":4,"column":0}},"4":{"start":{"line":5,"column":0},"end":{"line":5,"column":50}},"5":{"start":{"line":6,"column":0},"end":{"line":6,"column":43}},"6":{"start":{"line":7,"column":0},"end":{"line":7,"column":0}},"7":{"start":{"line":8,"column":0},"end":{"line":8,"column":93}},"8":{"start":{"line":9,"column":0},"end":{"line":9,"column":82}},"9":{"start":{"line":10,"column":0},"end":{"line":10,"column":0}},"10":{"start":{"line":11,"column":0},"end":{"line":11,"column":24}}},"s":{"0":1,"1":1,"2":1,"3":1,"4":1,"5":1,"6":1,"7":1,"8":1,"9":1,"10":1},"branchMap":{"0":{"type":"branch","line":8,"loc":{"start":{"line":8,"column":24},"end":{"line":8,"column":41}},"locations":[{"start":{"line":8,"column":24},"end":{"line":8,"column":41}}]},"1":{"type":"branch","line":9,"loc":{"start":{"line":9,"column":18},"end":{"line":9,"column":33}},"locations":[{"start":{"line":9,"column":18},"end":{"line":9,"column":33}}]}},"b":{"0":[6],"1":[6]},"fnMap":{"0":{"name":"getFixturePath","decl":{"start":{"line":8,"column":24},"end":{"line":8,"column":41}},"loc":{"start":{"line":8,"column":24},"end":{"line":8,"column":41}},"line":8},"1":{"name":"readFile","decl":{"start":{"line":9,"column":18},"end":{"line":9,"column":33}},"loc":{"start":{"line":9,"column":18},"end":{"line":9,"column":33}},"line":9}},"f":{"0":6,"1":6}}
,"/home/tatiana/Projects/frontend-project-lvl2/src/tree.js": {"path":"/home/tatiana/Projects/frontend-project-lvl2/src/tree.js","all":false,"statementMap":{"0":{"start":{"line":1,"column":0},"end":{"line":1,"column":23}},"1":{"start":{"line":2,"column":0},"end":{"line":2,"column":0}},"2":{"start":{"line":3,"column":0},"end":{"line":3,"column":37}},"3":{"start":{"line":4,"column":0},"end":{"line":4,"column":35}},"4":{"start":{"line":5,"column":0},"end":{"line":5,"column":35}},"5":{"start":{"line":6,"column":0},"end":{"line":6,"column":47}},"6":{"start":{"line":7,"column":0},"end":{"line":7,"column":0}},"7":{"start":{"line":8,"column":0},"end":{"line":8,"column":39}},"8":{"start":{"line":9,"column":0},"end":{"line":9,"column":30}},"9":{"start":{"line":10,"column":0},"end":{"line":10,"column":30}},"10":{"start":{"line":11,"column":0},"end":{"line":11,"column":0}},"11":{"start":{"line":12,"column":0},"end":{"line":12,"column":37}},"12":{"start":{"line":13,"column":0},"end":{"line":13,"column":14}},"13":{"start":{"line":14,"column":0},"end":{"line":14,"column":22}},"14":{"start":{"line":15,"column":0},"end":{"line":15,"column":12}},"15":{"start":{"line":16,"column":0},"end":{"line":16,"column":22}},"16":{"start":{"line":17,"column":0},"end":{"line":17,"column":8}},"17":{"start":{"line":18,"column":0},"end":{"line":18,"column":39}},"18":{"start":{"line":19,"column":0},"end":{"line":19,"column":14}},"19":{"start":{"line":20,"column":0},"end":{"line":20,"column":24}},"20":{"start":{"line":21,"column":0},"end":{"line":21,"column":12}},"21":{"start":{"line":22,"column":0},"end":{"line":22,"column":22}},"22":{"start":{"line":23,"column":0},"end":{"line":23,"column":8}},"23":{"start":{"line":24,"column":0},"end":{"line":24,"column":53}},"24":{"start":{"line":25,"column":0},"end":{"line":25,"column":14}},"25":{"start":{"line":26,"column":0},"end":{"line":26,"column":23}},"26":{"start":{"line":27,"column":0},"end":{"line":27,"column":12}},"27":{"start":{"line":28,"column":0},"end":{"line":28,"column":44}},"28":{"start":{"line":29,"column":0},"end":{"line":29,"column":8}},"29":{"start":{"line":30,"column":0},"end":{"line":30,"column":29}},"30":{"start":{"line":31,"column":0},"end":{"line":31,"column":43}},"31":{"start":{"line":32,"column":0},"end":{"line":32,"column":14}},"32":{"start":{"line":33,"column":0},"end":{"line":33,"column":24}},"33":{"start":{"line":34,"column":0},"end":{"line":34,"column":12}},"34":{"start":{"line":35,"column":0},"end":{"line":35,"column":21}},"35":{"start":{"line":36,"column":0},"end":{"line":36,"column":21}},"36":{"start":{"line":37,"column":0},"end":{"line":37,"column":8}},"37":{"start":{"line":38,"column":0},"end":{"line":38,"column":5}},"38":{"start":{"line":39,"column":0},"end":{"line":39,"column":12}},"39":{"start":{"line":40,"column":0},"end":{"line":40,"column":24}},"40":{"start":{"line":41,"column":0},"end":{"line":41,"column":10}},"41":{"start":{"line":42,"column":0},"end":{"line":42,"column":20}},"42":{"start":{"line":43,"column":0},"end":{"line":43,"column":6}},"43":{"start":{"line":44,"column":0},"end":{"line":44,"column":5}},"44":{"start":{"line":45,"column":0},"end":{"line":45,"column":55}},"45":{"start":{"line":46,"column":0},"end":{"line":46,"column":16}},"46":{"start":{"line":47,"column":0},"end":{"line":47,"column":2}},"47":{"start":{"line":48,"column":0},"end":{"line":48,"column":0}},"48":{"start":{"line":49,"column":0},"end":{"line":49,"column":25}}},"s":{"0":1,"1":1,"2":1,"3":10,"4":10,"5":10,"6":10,"7":10,"8":36,"9":36,"10":36,"11":36,"12":10,"13":10,"14":10,"15":10,"16":10,"17":36,"18":4,"19":4,"20":4,"21":4,"22":4,"23":36,"24":8,"25":8,"26":8,"27":8,"28":8,"29":36,"30":36,"31":8,"32":8,"33":8,"34":8,"35":8,"36":8,"37":8,"38":6,"39":6,"40":6,"41":6,"42":6,"43":6,"44":10,"45":10,"46":10,"47":1,"48":1},"branchMap":{"0":{"type":"branch","line":3,"loc":{"start":{"line":3,"column":18},"end":{"line":47,"column":2}},"locations":[{"start":{"line":3,"column":18},"end":{"line":47,"column":2}}]},"1":{"type":"branch","line":8,"loc":{"start":{"line":8,"column":30},"end":{"line":44,"column":5}},"locations":[{"start":{"line":8,"column":30},"end":{"line":44,"column":5}}]},"2":{"type":"branch","line":12,"loc":{"start":{"line":12,"column":36},"end":{"line":18,"column":6}},"locations":[{"start":{"line":12,"column":36},"end":{"line":18,"column":6}}]},"3":{"type":"branch","line":18,"loc":{"start":{"line":18,"column":5},"end":{"line":18,"column":10}},"locations":[{"start":{"line":18,"column":5},"end":{"line":18,"column":10}}]},"4":{"type":"branch","line":18,"loc":{"start":{"line":18,"column":38},"end":{"line":24,"column":6}},"locations":[{"start":{"line":18,"column":38},"end":{"line":24,"column":6}}]},"5":{"type":"branch","line":24,"loc":{"start":{"line":24,"column":5},"end":{"line":24,"column":11}},"locations":[{"start":{"line":24,"column":5},"end":{"line":24,"column":11}}]},"6":{"type":"branch","line":24,"loc":{"start":{"line":24,"column":10},"end":{"line":24,"column":33}},"locations":[{"start":{"line":24,"column":10},"end":{"line":24,"column":33}}]},"7":{"type":"branch","line":24,"loc":{"start":{"line":24,"column":52},"end":{"line":30,"column":6}},"locations":[{"start":{"line":24,"column":52},"end":{"line":30,"column":6}}]},"8":{"type":"branch","line":30,"loc":{"start":{"line":30,"column":5},"end":{"line":30,"column":11}},"locations":[{"start":{"line":30,"column":5},"end":{"line":30,"column":11}}]},"9":{"type":"branch","line":30,"loc":{"start":{"line":30,"column":10},"end":{"line":31,"column":42}},"locations":[{"start":{"line":30,"column":10},"end":{"line":31,"column":42}}]},"10":{"type":"branch","line":31,"loc":{"start":{"line":31,"column":42},"end":{"line":38,"column":5}},"locations":[{"start":{"line":31,"column":42},"end":{"line":38,"column":5}}]},"11":{"type":"branch","line":39,"loc":{"start":{"line":39,"column":-1},"end":{"line":44,"column":5}},"locations":[{"start":{"line":39,"column":-1},"end":{"line":44,"column":5}}]}},"b":{"0":[10],"1":[36],"2":[10],"3":[26],"4":[4],"5":[22],"6":[10],"7":[8],"8":[14],"9":[6],"10":[8],"11":[6]},"fnMap":{"0":{"name":"buildTree","decl":{"start":{"line":3,"column":18},"end":{"line":47,"column":2}},"loc":{"start":{"line":3,"column":18},"end":{"line":47,"column":2}},"line":3}},"f":{"0":10}}
}
