TN:
SF:src/formatter-stylish.js
FN:3,getIndent
FN:8,getStructure
FN:17,makeStylish
FN:18,iter
FNF:4
FNH:4
FNDA:84,getIndent
FNDA:54,getStructure
FNDA:2,makeStylish
FNDA:10,iter
DA:1,1
DA:2,1
DA:3,1
DA:4,84
DA:5,84
DA:6,84
DA:7,1
DA:8,1
DA:9,54
DA:10,40
DA:11,40
DA:12,54
DA:13,54
DA:14,54
DA:15,54
DA:16,1
DA:17,1
DA:18,2
DA:19,36
DA:20,36
DA:21,36
DA:22,36
DA:23,36
DA:24,36
DA:25,36
DA:26,36
DA:27,36
DA:28,36
DA:29,36
DA:30,36
DA:31,36
DA:32,36
DA:33,36
DA:34,2
DA:35,2
DA:36,1
DA:37,1
LF:37
LH:37
BRDA:3,0,0,84
BRDA:8,1,0,54
BRDA:9,2,0,40
BRDA:13,3,0,18
BRDA:17,4,0,2
BRDA:18,5,0,10
BRDA:18,6,0,36
BRDA:20,7,0,10
BRDA:22,8,0,4
BRDA:24,9,0,6
BRDA:26,10,0,8
BRDA:28,11,0,8
BRDA:30,12,0,0
BRF:13
BRH:12
end_of_record
TN:
SF:src/index.js
FN:5,default
FNF:1
FNH:1
FNDA:2,default
DA:1,1
DA:2,1
DA:3,1
DA:4,1
DA:5,1
DA:6,2
DA:7,2
DA:8,2
DA:9,2
DA:10,2
DA:11,2
DA:12,2
DA:13,2
LF:13
LH:13
BRDA:5,0,0,2
BRF:1
BRH:1
end_of_record
TN:
SF:src/parsers.js
FN:5,default
FNF:1
FNH:1
FNDA:4,default
DA:1,1
DA:2,1
DA:3,1
DA:4,1
DA:5,1
DA:6,4
DA:7,4
DA:8,2
DA:9,2
DA:10,4
DA:11,2
DA:12,2
DA:13,4
DA:14,4
LF:14
LH:14
BRDA:5,0,0,4
BRDA:7,1,0,2
BRDA:10,2,0,2
BRF:3
BRH:3
end_of_record
TN:
SF:src/path.js
FN:8,getFixturePath
FN:9,readFile
FNF:2
FNH:2
FNDA:6,getFixturePath
FNDA:6,readFile
DA:1,1
DA:2,1
DA:3,1
DA:4,1
DA:5,1
DA:6,1
DA:7,1
DA:8,1
DA:9,1
DA:10,1
DA:11,1
LF:11
LH:11
BRDA:8,0,0,6
BRDA:9,1,0,6
BRF:2
BRH:2
end_of_record
TN:
SF:src/tree.js
FN:3,buildTree
FNF:1
FNH:1
FNDA:10,buildTree
DA:1,1
DA:2,1
DA:3,1
DA:4,10
DA:5,10
DA:6,10
DA:7,10
DA:8,10
DA:9,36
DA:10,36
DA:11,36
DA:12,36
DA:13,10
DA:14,10
DA:15,10
DA:16,10
DA:17,10
DA:18,36
DA:19,4
DA:20,4
DA:21,4
DA:22,4
DA:23,4
DA:24,36
DA:25,8
DA:26,8
DA:27,8
DA:28,8
DA:29,8
DA:30,36
DA:31,36
DA:32,8
DA:33,8
DA:34,8
DA:35,8
DA:36,8
DA:37,8
DA:38,8
DA:39,6
DA:40,6
DA:41,6
DA:42,6
DA:43,6
DA:44,6
DA:45,10
DA:46,10
DA:47,10
DA:48,1
DA:49,1
LF:49
LH:49
BRDA:3,0,0,10
BRDA:8,1,0,36
BRDA:12,2,0,10
BRDA:18,3,0,26
BRDA:18,4,0,4
BRDA:24,5,0,22
BRDA:24,6,0,10
BRDA:24,7,0,8
BRDA:30,8,0,14
BRDA:30,9,0,6
BRDA:31,10,0,8
BRDA:39,11,0,6
BRF:12
BRH:12
end_of_record
