TN:
SF:src/index.js
FN:5,default
FNF:1
FNH:1
FNDA:7,default
DA:1,1
DA:2,1
DA:3,1
DA:4,1
DA:5,1
DA:6,7
DA:7,7
DA:8,7
DA:9,7
DA:10,7
LF:10
LH:10
BRDA:5,0,0,7
BRF:1
BRH:1
end_of_record
TN:
SF:src/parsers.js
FN:5,default
FNF:1
FNH:1
FNDA:14,default
DA:1,1
DA:2,1
DA:3,1
DA:4,1
DA:5,1
DA:6,14
DA:7,14
DA:8,8
DA:9,8
DA:10,14
DA:11,6
DA:12,6
DA:13,14
DA:14,14
LF:14
LH:14
BRDA:5,0,0,14
BRDA:7,1,0,8
BRDA:10,2,0,6
BRDA:10,3,0,6
BRF:4
BRH:4
end_of_record
TN:
SF:src/path.js
FN:8,getFixturePath
FN:9,readFile
FNF:2
FNH:2
FNDA:20,getFixturePath
FNDA:20,readFile
DA:1,1
DA:2,1
DA:3,1
DA:4,1
DA:5,1
DA:6,1
DA:7,1
DA:8,1
DA:9,1
DA:10,1
DA:11,1
LF:11
LH:11
BRDA:8,0,0,20
BRDA:9,1,0,20
BRF:2
BRH:2
end_of_record
TN:
SF:src/tree.js
FN:3,buildTree
FNF:1
FNH:1
FNDA:35,buildTree
DA:1,1
DA:2,1
DA:3,1
DA:4,35
DA:5,35
DA:6,35
DA:7,35
DA:8,35
DA:9,126
DA:10,126
DA:11,126
DA:12,126
DA:13,35
DA:14,35
DA:15,35
DA:16,35
DA:17,35
DA:18,126
DA:19,14
DA:20,14
DA:21,14
DA:22,14
DA:23,14
DA:24,126
DA:25,28
DA:26,28
DA:27,28
DA:28,28
DA:29,28
DA:30,126
DA:31,126
DA:32,28
DA:33,28
DA:34,28
DA:35,28
DA:36,28
DA:37,28
DA:38,28
DA:39,126
DA:40,126
DA:41,126
DA:42,126
DA:43,126
DA:44,126
DA:45,35
DA:46,35
DA:47,1
DA:48,1
LF:48
LH:48
BRDA:3,0,0,35
BRDA:8,1,0,126
BRDA:12,2,0,35
BRDA:18,3,0,91
BRDA:18,4,0,14
BRDA:24,5,0,77
BRDA:24,6,0,35
BRDA:24,7,0,28
BRDA:30,8,0,49
BRDA:30,9,0,21
BRDA:31,10,0,28
BRF:11
BRH:11
end_of_record
TN:
SF:src/formatters/index.js
FN:4,default
FNF:1
FNH:1
FNDA:7,default
DA:1,1
DA:2,1
DA:3,1
DA:4,1
DA:5,7
DA:6,7
DA:7,7
DA:8,7
DA:9,7
DA:10,7
DA:11,7
DA:12,7
DA:13,7
DA:14,7
DA:15,7
LF:15
LH:15
BRDA:4,0,0,7
BRDA:6,1,0,2
BRDA:8,2,0,2
BRDA:10,3,0,2
BRDA:12,4,0,1
BRF:5
BRH:5
end_of_record
TN:
SF:src/formatters/plain.js
FN:3,getValue
FN:13,getPath
FN:15,makePlain
FNF:3
FNH:3
FNDA:26,getValue
FNDA:44,getPath
FNDA:10,makePlain
DA:1,1
DA:2,1
DA:3,1
DA:4,26
DA:5,6
DA:6,6
DA:7,26
DA:8,14
DA:9,14
DA:10,6
DA:11,6
DA:12,1
DA:13,1
DA:14,1
DA:15,1
DA:16,10
DA:17,36
DA:18,36
DA:19,36
DA:20,36
DA:21,36
DA:22,36
DA:23,36
DA:24,36
DA:25,36
DA:26,36
DA:27,36
DA:28,36
DA:29,36
DA:30,36
DA:31,10
DA:32,10
DA:33,10
DA:34,1
DA:35,1
LF:35
LH:35
BRDA:3,0,0,26
BRDA:4,1,0,6
BRDA:4,2,0,6
BRDA:7,3,0,14
BRDA:10,4,0,6
BRDA:13,5,0,44
BRDA:15,6,0,10
BRDA:16,7,0,36
BRDA:19,8,0,8
BRDA:21,9,0,10
BRDA:23,10,0,4
BRDA:25,11,0,8
BRDA:27,12,0,6
BRDA:31,13,0,36
BRF:14
BRH:14
end_of_record
TN:
SF:src/formatters/stylish.js
FN:3,getIndent
FN:8,getStructure
FN:17,makeStylish
FN:18,iter
FNF:4
FNH:4
FNDA:84,getIndent
FNDA:54,getStructure
FNDA:2,makeStylish
FNDA:10,iter
DA:1,1
DA:2,1
DA:3,1
DA:4,84
DA:5,84
DA:6,84
DA:7,1
DA:8,1
DA:9,54
DA:10,40
DA:11,40
DA:12,54
DA:13,54
DA:14,54
DA:15,54
DA:16,1
DA:17,1
DA:18,2
DA:19,36
DA:20,36
DA:21,36
DA:22,36
DA:23,36
DA:24,36
DA:25,36
DA:26,36
DA:27,36
DA:28,36
DA:29,36
DA:30,36
DA:31,36
DA:32,36
DA:33,36
DA:34,2
DA:35,2
DA:36,1
DA:37,1
LF:37
LH:37
BRDA:3,0,0,84
BRDA:8,1,0,54
BRDA:9,2,0,40
BRDA:13,3,0,18
BRDA:17,4,0,2
BRDA:18,5,0,10
BRDA:18,6,0,36
BRDA:20,7,0,10
BRDA:22,8,0,4
BRDA:24,9,0,6
BRDA:26,10,0,8
BRDA:28,11,0,8
BRDA:30,12,0,0
BRF:13
BRH:12
end_of_record
